[2025-12-01 20:26:01] [INFO] Entering WATCH mode. Interval: 30 seconds. Auto-restart enabled for critical engines.
[2025-12-01 20:26:10] [WARN] CRITICAL engine [PowerStream-Backend] is unhealthy. Attempting restart...
[2025-12-01 20:26:10] [INFO] Stopping engine [PowerStream-Backend]...
[2025-12-01 20:26:11] [SUCCESS] Stopped PID 62976 for engine [PowerStream-Backend] (port 5001).
[2025-12-01 20:26:11] [SUCCESS] Stopped PID 57464 for engine [PowerStream-Backend].
[2025-12-01 20:26:17] [INFO] Starting engine [PowerStream-Backend] from path [C:\Users\bassb\OneDrive\Documents\PowerStreamMain\backend] with command [npm run dev]...
[2025-12-01 20:27:37] [WARN] Engine [PowerStream-Backend] did NOT open port 5001 within 15 seconds.
[2025-12-01 20:27:37] [WARN] CRITICAL engine [Recording-Studio-Backend] is unhealthy. Attempting restart...
[2025-12-01 20:27:37] [INFO] Stopping engine [Recording-Studio-Backend]...
[2025-12-01 20:27:42] [INFO] No running processes found for [Recording-Studio-Backend].
[2025-12-01 20:27:48] [INFO] Starting engine [Recording-Studio-Backend] from path [C:\Users\bassb\OneDrive\Documents\PowerStreamMain\backend\recordingStudio] with command [npm run dev]...
[2025-12-01 20:29:07] [WARN] Engine [Recording-Studio-Backend] did NOT open port 5100 within 15 seconds.
[2025-12-01 20:29:07] [INFO] Health check cycle complete. Sleeping 30 seconds...
[2025-12-01 20:29:47] [WARN] CRITICAL engine [PowerStream-Backend] is unhealthy. Attempting restart...
[2025-12-01 20:29:47] [INFO] Stopping engine [PowerStream-Backend]...
[2025-12-01 20:29:47] [SUCCESS] Stopped PID 10500 for engine [PowerStream-Backend].
[2025-12-01 20:29:53] [INFO] Starting engine [PowerStream-Backend] from path [C:\Users\bassb\OneDrive\Documents\PowerStreamMain\backend] with command [npm run dev]...
[2025-12-01 20:31:13] [WARN] Engine [PowerStream-Backend] did NOT open port 5001 within 15 seconds.
[2025-12-01 20:31:13] [WARN] CRITICAL engine [Recording-Studio-Backend] is unhealthy. Attempting restart...
[2025-12-01 20:31:13] [INFO] Stopping engine [Recording-Studio-Backend]...
[2025-12-01 20:31:17] [INFO] No running processes found for [Recording-Studio-Backend].
[2025-12-01 20:31:23] [INFO] Starting engine [Recording-Studio-Backend] from path [C:\Users\bassb\OneDrive\Documents\PowerStreamMain\backend\recordingStudio] with command [npm run dev]...
[2025-12-01 20:32:28] [SUCCESS] Engine [Recording-Studio-Backend] is UP and healthy on port 5100.
[2025-12-01 20:32:28] [INFO] Health check cycle complete. Sleeping 30 seconds...
[2025-12-01 20:33:07] [WARN] CRITICAL engine [PowerStream-Backend] is unhealthy. Attempting restart...
[2025-12-01 20:33:07] [INFO] Stopping engine [PowerStream-Backend]...
[2025-12-01 20:33:12] [INFO] No running processes found for [PowerStream-Backend].
[2025-12-01 20:33:18] [INFO] Starting engine [PowerStream-Backend] from path [C:\Users\bassb\OneDrive\Documents\PowerStreamMain\backend] with command [npm run dev]...
